
  [4;36;1mSQL (0.2ms)[0m   [0;1m SELECT name
 FROM sqlite_master
 WHERE type = 'table' AND NOT name = 'sqlite_sequence'
[0m
  [4;35;1mSQL (0.1ms)[0m   [0mselect sqlite_version(*)[0m
  [4;36;1mSQL (1.3ms)[0m   [0;1mCREATE TABLE "schema_migrations" ("version" varchar(255) NOT NULL) [0m
  [4;35;1mSQL (1.4ms)[0m   [0mCREATE UNIQUE INDEX "unique_schema_migrations" ON "schema_migrations" ("version")[0m
  [4;36;1mSQL (0.1ms)[0m   [0;1m SELECT name
 FROM sqlite_master
 WHERE type = 'table' AND NOT name = 'sqlite_sequence'
[0m
  [4;35;1mSQL (0.1ms)[0m   [0mSELECT version FROM schema_migrations[0m
Migrating to CreateVods (20110901041856)
  [4;36;1mSQL (0.3ms)[0m   [0;1mCREATE TABLE "vods" ("id" INTEGER PRIMARY KEY AUTOINCREMENT NOT NULL, "url" varchar(255), "is_tournament" boolean, "created_at" datetime, "updated_at" datetime) [0m
  [4;35;1mSQL (0.1ms)[0m   [0mINSERT INTO schema_migrations (version) VALUES ('20110901041856')[0m
  [4;36;1mSQL (0.3ms)[0m   [0;1m SELECT name
 FROM sqlite_master
 WHERE type = 'table' AND NOT name = 'sqlite_sequence'
[0m
  [4;35;1mSQL (0.1ms)[0m   [0mSELECT version FROM schema_migrations[0m
  [4;36;1mSQL (0.1ms)[0m   [0;1m SELECT name
 FROM sqlite_master
 WHERE type = 'table' AND NOT name = 'sqlite_sequence'
[0m
  [4;35;1mSQL (0.0ms)[0m   [0mPRAGMA index_list("vods")[0m
  [4;36;1mSQL (0.4ms)[0m   [0;1m SELECT name
 FROM sqlite_master
 WHERE type = 'table' AND NOT name = 'sqlite_sequence'
[0m
  [4;35;1mSQL (0.1ms)[0m   [0mSELECT version FROM schema_migrations[0m
Migrating to CreateVods (20110901041856)
  [4;36;1mSQL (0.1ms)[0m   [0;1mselect sqlite_version(*)[0m
  [4;35;1mSQL (0.1ms)[0m   [0m SELECT name
 FROM sqlite_master
 WHERE type = 'table' AND NOT name = 'sqlite_sequence'
[0m
  [4;36;1mSQL (0.1ms)[0m   [0;1mSELECT version FROM schema_migrations[0m
  [4;35;1mSQL (0.1ms)[0m   [0m SELECT name
 FROM sqlite_master
 WHERE type = 'table' AND NOT name = 'sqlite_sequence'
[0m
  [4;36;1mSQL (0.0ms)[0m   [0;1mPRAGMA index_list("vods")[0m


Processing VodsController#index (for 127.0.0.1 at 2011-08-31 21:35:29) [GET]
  [4;36;1mVod Load (0.3ms)[0m   [0;1mSELECT * FROM "vods" [0m
Rendering template within layouts/vods
Rendering vods/index
Completed in 38ms (View: 34, DB: 0) | 200 OK [http://localhost/vods]


Processing VodsController#new (for 127.0.0.1 at 2011-08-31 21:35:32) [GET]
Rendering template within layouts/vods
Rendering vods/new
Completed in 11ms (View: 7, DB: 0) | 200 OK [http://localhost/vods/new]


Processing VodsController#create (for 127.0.0.1 at 2011-08-31 21:35:57) [POST]
  Parameters: {"vod"=>{"is_tournament"=>"0", "url"=>"http://www.youtube.com/watch?v=wkm-2v1VfrM"}, "commit"=>"Create", "authenticity_token"=>"hOE9++Fp6AkVuLcTZg6dD8ICegggu5C3NJmVYvjleHE="}
  [4;35;1mVod Create (0.9ms)[0m   [0mINSERT INTO "vods" ("is_tournament", "created_at", "updated_at", "url") VALUES('f', '2011-09-01 04:35:57', '2011-09-01 04:35:57', 'http://www.youtube.com/watch?v=wkm-2v1VfrM')[0m
Redirected to http://localhost:3000/vods/1
Completed in 13ms (DB: 1) | 302 Found [http://localhost/vods]


Processing VodsController#show (for 127.0.0.1 at 2011-08-31 21:35:57) [GET]
  Parameters: {"id"=>"1"}
  [4;36;1mVod Load (0.2ms)[0m   [0;1mSELECT * FROM "vods" WHERE ("vods"."id" = 1) [0m
Rendering template within layouts/vods
Rendering vods/show
Completed in 9ms (View: 4, DB: 0) | 200 OK [http://localhost/vods/1]


Processing VodsController#index (for 127.0.0.1 at 2011-08-31 21:36:00) [GET]
  [4;35;1mVod Load (0.6ms)[0m   [0mSELECT * FROM "vods" [0m
Rendering template within layouts/vods
Rendering vods/index
Completed in 12ms (View: 7, DB: 1) | 200 OK [http://localhost/vods]
